<?xml version="1.0" encoding="UTF-8"?>
<!-- Generated by org.testng.reporters.JUnitReportReporter -->
<testsuite hostname="Swathi" failures="0" tests="4" name="com.qa.testscript.TC_Myntra_SelectProduct_Category" time="26.836" errors="0" timestamp="2022-11-16T14:22:46 IST" skipped="0">
  <testcase classname="com.qa.testscript.TC_Myntra_SelectProduct_Category" name="Search_Product" time="5.270"/>
  <system-out>
    <![CDATA[Title has the search term]]>
  </system-out>
  <testcase classname="com.qa.testscript.TC_Myntra_SelectProduct_Category" name="Search_Product" time="4.630"/>
  <system-out>
    <![CDATA[Title has the search term]]>
  </system-out>
  <testcase classname="com.qa.testscript.TC_Myntra_SelectProduct_Category" name="Search_Product" time="8.322"/>
  <system-out>
    <![CDATA[Title has the search term]]>
  </system-out>
  <testcase classname="com.qa.testscript.TC_Myntra_SelectProduct_Category" name="Search_Product" time="8.614"/>
  <system-out>
    <![CDATA[Title has the search term]]>
  </system-out>
</testsuite> <!-- com.qa.testscript.TC_Myntra_SelectProduct_Category -->
